<?xml version="1.0" encoding="UTF-8"?>
<!-- Generated by org.testng.reporters.JUnitReportReporter -->
<testsuite skipped="0" hostname="CPX-R8XMCY77B44" name="account.NewAccountTestTest" tests="14" failures="0" timestamp="24 avr. 2018 09:04:27 GMT" time="93.977" errors="0">
  <testcase name="login" time="11.736" classname="account.NewAccountTestTest"/>
  <testcase name="accessAccountTab" time="6.537" classname="account.NewAccountTestTest"/>
  <testcase name="clicNewAccountBtn" time="3.221" classname="account.NewAccountTestTest"/>
  <testcase name="checkNewAccountVisibleFields" time="4.886" classname="account.NewAccountTestTest"/>
  <testcase name="checkNewAccountEditableFields" time="6.023" classname="account.NewAccountTestTest"/>
  <testcase name="checkEditPageButtons" time="2.255" classname="account.NewAccountTestTest"/>
  <testcase name="fillNewAccountFields" time="34.427" classname="account.NewAccountTestTest"/>
  <testcase name="clickSaveButton" time="3.421" classname="account.NewAccountTestTest"/>
  <testcase name="saveMultipleAccounts" time="4.894" classname="account.NewAccountTestTest"/>
  <testcase name="checkAccountViewPageLabels" time="4.029" classname="account.NewAccountTestTest"/>
  <testcase name="validateNewAccount" time="4.855" classname="account.NewAccountTestTest"/>
  <testcase name="checkViewPageButtons" time="2.147" classname="account.NewAccountTestTest"/>
  <testcase name="checkRelatedLists" time="2.745" classname="account.NewAccountTestTest"/>
  <testcase name="logoutAndClose" time="2.801" classname="account.NewAccountTestTest"/>
</testsuite> <!-- account.NewAccountTestTest -->
