<?xml version="1.0" encoding="UTF-8"?>
<!-- Generated by org.testng.reporters.JUnitReportReporter -->
<testsuite skipped="0" hostname="CPX-G8R2AVRJ7K9" name="runner.RunnerTest" tests="1" failures="0" timestamp="07 juin 2018 11:45:12 GMT" time="197.955" errors="0">
  <testcase name="feature" time="197.955" classname="runner.RunnerTest"/>
</testsuite> <!-- runner.RunnerTest -->
