<?xml version="1.0" encoding="UTF-8"?>
<!-- Generated by org.testng.reporters.JUnitReportReporter -->
<testsuite skipped="0" hostname="CPX-R8XMCY77B44" name="account.NewAccount_Test" tests="12" failures="0" timestamp="10 avr. 2018 09:13:12 GMT" time="71.708" errors="0">
  <testcase name="login" time="8.432" classname="account.NewAccount_Test"/>
  <testcase name="accessAccountTab" time="3.325" classname="account.NewAccount_Test"/>
  <testcase name="clicNewAccountBtn" time="3.042" classname="account.NewAccount_Test"/>
  <testcase name="accountLabelFieldCheck_Account_EditPage" time="6.721" classname="account.NewAccount_Test"/>
  <testcase name="checkSave_SaveNew_CancelAccountBtn_Top_And_Bottom" time="2.713" classname="account.NewAccount_Test"/>
  <testcase name="fillNewAccountFields" time="28.912" classname="account.NewAccount_Test"/>
  <testcase name="saveNewAccount" time="2.809" classname="account.NewAccount_Test"/>
  <testcase name="accountLabelFieldCheck_Account_ViewPage" time="4.132" classname="account.NewAccount_Test"/>
  <testcase name="validateNewAccount" time="3.367" classname="account.NewAccount_Test"/>
  <testcase name="checkEdit_Delete_Btn_Top_And_Bottom" time="2.442" classname="account.NewAccount_Test"/>
  <testcase name="checkRelatedLists" time="3.007" classname="account.NewAccount_Test"/>
  <testcase name="logoutAndClose" time="2.806" classname="account.NewAccount_Test"/>
</testsuite> <!-- account.NewAccount_Test -->
