<?xml version="1.0" encoding="UTF-8"?>
<!-- Generated by org.testng.reporters.JUnitReportReporter -->
<testsuite skipped="0" hostname="CPX-G8R2AVRJ7K9" name="runner.RunnerTest" tests="1" failures="0" timestamp="31 mai 2018 13:07:09 GMT" time="49.265" errors="0">
  <testcase name="feature" time="49.265" classname="runner.RunnerTest"/>
</testsuite> <!-- runner.RunnerTest -->
