<?xml version="1.0" encoding="UTF-8"?>
<!-- Generated by org.testng.reporters.JUnitReportReporter -->
<testsuite skipped="0" hostname="CPX-G8R2AVRJ7K9" name="runner.RunnerTest" tests="1" failures="0" timestamp="07 juin 2018 12:05:06 GMT" time="192.927" errors="0">
  <testcase name="feature" time="192.927" classname="runner.RunnerTest"/>
</testsuite> <!-- runner.RunnerTest -->
