<?xml version="1.0" encoding="UTF-8"?>
<!-- Generated by org.testng.reporters.JUnitReportReporter -->
<testsuite skipped="0" hostname="CPX-R8XMCY77B44" name="account.NewAccountTest" tests="14" failures="0" timestamp="26 avr. 2018 11:21:22 GMT" time="74.213" errors="0">
  <testcase name="login" time="9.851" classname="account.NewAccountTest"/>
  <testcase name="accessAccountTab" time="5.138" classname="account.NewAccountTest"/>
  <testcase name="clicNewAccountBtn" time="2.799" classname="account.NewAccountTest"/>
  <testcase name="checkNewAccountVisibleFields" time="4.902" classname="account.NewAccountTest"/>
  <testcase name="checkNewAccountEditableFields" time="4.464" classname="account.NewAccountTest"/>
  <testcase name="checkEditPageButtons" time="2.388" classname="account.NewAccountTest"/>
  <testcase name="fillNewAccountFields" time="22.534" classname="account.NewAccountTest"/>
  <testcase name="clickSaveButton" time="2.869" classname="account.NewAccountTest"/>
  <testcase name="saveMultipleAccounts" time="4.599" classname="account.NewAccountTest"/>
  <testcase name="checkAccountViewPageLabels" time="3.614" classname="account.NewAccountTest"/>
  <testcase name="validateNewAccount" time="3.452" classname="account.NewAccountTest"/>
  <testcase name="checkViewPageButtons" time="2.198" classname="account.NewAccountTest"/>
  <testcase name="checkRelatedLists" time="2.313" classname="account.NewAccountTest"/>
  <testcase name="logoutAndClose" time="3.092" classname="account.NewAccountTest"/>
</testsuite> <!-- account.NewAccountTest -->
